1533573234510	geckodriver	INFO	geckodriver 0.21.0
1533573234510	geckodriver	INFO	Listening on 127.0.0.1:58958
1533573237495	mozrunner::runner	INFO	Running command: "C:\\Program Files (x86)\\Mozilla Firefox\\firefox.exe" "-marionette" "-foreground" "-no-remote" "-profile" "C:\\Users\\Reynald\\AppData\\Local\\Temp\\rust_mozprofile.briQiGEcrgVi"
Unable to read VR Path Registry from C:\Users\Reynald\AppData\Local\openvr\openvrpaths.vrpath
Unable to read VR Path Registry from C:\Users\Reynald\AppData\Local\openvr\openvrpaths.vrpath
Unable to read VR Path Registry from C:\Users\Reynald\AppData\Local\openvr\openvrpaths.vrpath
Unable to read VR Path Registry from C:\Users\Reynald\AppData\Local\openvr\openvrpaths.vrpath
Unable to read VR Path Registry from C:\Users\Reynald\AppData\Local\openvr\openvrpaths.vrpath
1533573243519	Marionette	INFO	Listening on port 58966
1533573243662	Marionette	WARN	TLS certificate errors will be ignored for this session
[Child 6512, Chrome_ChildThread] WARNING: pipe error: 109: file z:/build/build/src/ipc/chromium/src/chrome/common/ipc_channel_win.cc, line 346[Child 9872,
 Chrome_C[ChihildThread] WARNING: pipe error: 109: file z:/build/build/src/ipc/chromium/src/chrome/common/ipc_channel_win.cc, line 346
[Child 987[Parent 12660, Gecko_IOThread] WARNING: pipe error: 109: file z:/build/build/src/ipc/chromium/src/chrome/common/ipc_channel_win.cc, line 346
[Child 11432, Chrome_ChildThread] WARNING: pipe error: 109: file z:/build/build/src/ipc/chromium/src/chrome/common/ipc_channel_win.cc, line 346
[Child 11432, Chrome_ChildThread] WARNING: pipe error: 109: file z:/build/bu*** UTM:SVC TimerManager:registerTimer called after profile-before-change notification. Ignoring timer registration for id: telemetry_modules_ping
[GPU 5564, Chr
###!!! [Child][MessageChannel::SendAndWait] Error: Channel error: cannot send/recv

1533573301730	geckodriver	INFO	geckodriver 0.21.0
1533573301745	geckodriver	INFO	Listening on 127.0.0.1:59003
1533573304779	mozrunner::runner	INFO	Running command: "C:\\Program Files (x86)\\Mozilla Firefox\\firefox.exe" "-marionette" "-foreground" "-no-remote" "-profile" "C:\\Users\\Reynald\\AppData\\Local\\Temp\\rust_mozprofile.yJ6vu8d4ycrO"
Unable to read VR Path Registry from C:\Users\Reynald\AppData\Local\openvr\openvrpaths.vrpath
Unable to read VR Path Registry from C:\Users\Reynald\AppData\Local\openvr\openvrpaths.vrpath
Unable to read VR Path Registry from C:\Users\Reynald\AppData\Local\openvr\openvrpaths.vrpath
Unable to read VR Path Registry from C:\Users\Reynald\AppData\Local\openvr\openvrpaths.vrpath
Unable to read VR Path Registry from C:\Users\Reynald\AppData\Local\openvr\openvrpaths.vrpath
1533573308699	Marionette	INFO	Listening on port 59011
1533573309175	Marionette	WARN	TLS certificate errors will be ignored for this session
1533573311847	addons.xpi	WARN	Exception running bootstrap method shutdown on activity-stream@mozilla.org: [Exception... "Component returned failure code: 0x80004005 (NS_ERROR_FAILURE) [nsIObserverService.removeObserver]"  nsresult: "0x80004005 (NS_ERROR_FAILURE)"  location: "JS frame :: resource://activity-stream/lib/TelemetryFeed.jsm :: uninit :: line 493"  data: no] Stack trace: uninit()@resource://activity-stream/lib/TelemetryFeed.jsm:493
onAction()@resource://activity-stream/lib/TelemetryFeed.jsm:451
_middleware/</<()@resource://activity-stream/lib/Store.jsm:51
Store/this[method]()@resource://activity-stream/lib/Store.jsm:29
uninit()@resource://activity-stream/lib/Store.jsm:170
uninit()@resource://activity-stream/lib/ActivityStream.jsm:318
uninit()@resource://gre/modules/addons/XPIProvider.jsm -> jar:file:///C:/Program%20Files%20(x86)/Mozilla%20Firefox/browser/features/activity-stream@mozilla.org.xpi!/bootstrap.js:79
shutdown()@resource://gre/modules/addons/XPIProvider.jsm -> jar:file:///C:/Program%20Files%20(x86)/Mozilla%20Firefox/browser/features/activity-stream@mozilla.org.xpi!/bootstrap.js:187
callBootstrapMethod()@resource://gre/modules/addons/XPIProvider.jsm:2757
observe()@resource://gre/modules/addons/XPIProvider.jsm:1672
GeckoDriver.prototype.quit()@driver.js:3282
despatch()@server.js:294
execute()@server.js:268
onPacket/<()@server.js:243
onPacket()@server.js:242
_onJSONObjectReady/<()@transport.js:500
[Child 7268, Chrome_ChildThread] WARNING: pipe error: 109: file z:/build/build/src/ipc/chromium/src/chrome/common/ipc_channel_win.cc, line 346
[Child 7268, Ch[Child 11276, Chrome_ChildThread] WARNING: pipe error: 109: file z:/build/build/src/ipc/chromium/src/chrome/common/ipc_channel_win.cc, line 346
[Child 11276, Chrome_C[Parent 12832, Gecko_IOThread] WARNING: pipe error: 109: file z:/build/build/src/ipc/chromium/src/chrome/common/ipc_channel_win.cc, line 346
[Child 12792, Chrome_ChildThread] WARNING: pipe error: 109: file z:/build/build/src/ipc/chromium/src/chrome/common/ipc_channel_win.cc, line 346
[Child 12792, Ch*** UTM:SVC TimerManager:registerTimer called after profile-before-change notification. Ignoring timer registration for id: telemetry_modules_ping

###!!! [Child][MessageChannel::SendAndWait] Error: Channel error: cannot send/recv

1533573967176	geckodriver	INFO	geckodriver 0.21.0
1533573967176	geckodriver	INFO	Listening on 127.0.0.1:59212
1533573970176	mozrunner::runner	INFO	Running command: "C:\\Program Files (x86)\\Mozilla Firefox\\firefox.exe" "-marionette" "-foreground" "-no-remote" "-profile" "C:\\Users\\Reynald\\AppData\\Local\\Temp\\rust_mozprofile.g3IlWARtqan8"
Unable to read VR Path Registry from C:\Users\Reynald\AppData\Local\openvr\openvrpaths.vrpath
Unable to read VR Path Registry from C:\Users\Reynald\AppData\Local\openvr\openvrpaths.vrpath
Unable to read VR Path Registry from C:\Users\Reynald\AppData\Local\openvr\openvrpaths.vrpath
Unable to read VR Path Registry from C:\Users\Reynald\AppData\Local\openvr\openvrpaths.vrpath
Unable to read VR Path Registry from C:\Users\Reynald\AppData\Local\openvr\openvrpaths.vrpath
1533573974113	Marionette	INFO	Listening on port 59220
1533573974567	Marionette	WARN	TLS certificate errors will be ignored for this session
1533573977345	addons.xpi	WARN	Exception running bootstrap method shutdown on activity-stream@mozilla.org: [Exception... "Component returned failure code: 0x80004005 (NS_ERROR_FAILURE) [nsIObserverService.removeObserver]"  nsresult: "0x80004005 (NS_ERROR_FAILURE)"  location: "JS frame :: resource://activity-stream/lib/TelemetryFeed.jsm :: uninit :: line 493"  data: no] Stack trace: uninit()@resource://activity-stream/lib/TelemetryFeed.jsm:493
onAction()@resource://activity-stream/lib/TelemetryFeed.jsm:451
_middleware/</<()@resource://activity-stream/lib/Store.jsm:51
Store/this[method]()@resource://activity-stream/lib/Store.jsm:29
uninit()@resource://activity-stream/lib/Store.jsm:170
uninit()@resource://activity-stream/lib/ActivityStream.jsm:318
uninit()@resource://gre/modules/addons/XPIProvider.jsm -> jar:file:///C:/Program%20Files%20(x86)/Mozilla%20Firefox/browser/features/activity-stream@mozilla.org.xpi!/bootstrap.js:79
shutdown()@resource://gre/modules/addons/XPIProvider.jsm -> jar:file:///C:/Program%20Files%20(x86)/Mozilla%20Firefox/browser/features/activity-stream@mozilla.org.xpi!/bootstrap.js:187
callBootstrapMethod()@resource://gre/modules/addons/XPIProvider.jsm:2757
observe()@resource://gre/modules/addons/XPIProvider.jsm:1672
GeckoDriver.prototype.quit()@driver.js:3282
despatch()@server.js:294
execute()@server.js:268
onPacket/<()@server.js:243
onPacket()@server.js:242
_onJSONObjectReady/<()@transport.js:500
[Child 6284, Chrome_ChildThread] WARNING: pipe error: 109: file z:/build/build/src/ipc/chromium/src/chrome/common/ipc_channel_win.cc, line 346
[Child 6284, Chrome_ChildThread] WARNING: pipe error: 109: file z:/build/build/src[Parent 9748, Gecko_IOThread] WARNING: pipe error: 109: file z:/build/build/src/ipc/chromium/src/chrome/common/ipc_channel_win.cc, line 346
*** UTM:SVC TimerManager:registerTimer called after profile-before-change notification. Ignoring timer registration for id: telemetry_modules_ping
[GPU 12920, Chrom
###!!! [Child][MessageChannel::SendAndWait] Error: Channel error: cannot send/recv

1533620466860	geckodriver	INFO	geckodriver 0.21.0
1533620466875	geckodriver	INFO	Listening on 127.0.0.1:62326
1533620469906	mozrunner::runner	INFO	Running command: "C:\\Program Files (x86)\\Mozilla Firefox\\firefox.exe" "-marionette" "-foreground" "-no-remote" "-profile" "C:\\Users\\Reynald\\AppData\\Local\\Temp\\rust_mozprofile.uKSvoazMSGFL"
Unable to read VR Path Registry from C:\Users\Reynald\AppData\Local\openvr\openvrpaths.vrpath
Unable to read VR Path Registry from C:\Users\Reynald\AppData\Local\openvr\openvrpaths.vrpath
Unable to read VR Path Registry from C:\Users\Reynald\AppData\Local\openvr\openvrpaths.vrpath
Unable to read VR Path Registry from C:\Users\Reynald\AppData\Local\openvr\openvrpaths.vrpath
Unable to read VR Path Registry from C:\Users\Reynald\AppData\Local\openvr\openvrpaths.vrpath
1533620475775	Marionette	INFO	Listening on port 62336
1533620476143	Marionette	WARN	TLS certificate errors will be ignored for this session
1533620477799	addons.xpi	WARN	Exception running bootstrap method shutdown on activity-stream@mozilla.org: [Exception... "Component returned failure code: 0x80004005 (NS_ERROR_FAILURE) [nsIObserverService.removeObserver]"  nsresult: "0x80004005 (NS_ERROR_FAILURE)"  location: "JS frame :: resource://activity-stream/lib/TelemetryFeed.jsm :: uninit :: line 493"  data: no] Stack trace: uninit()@resource://activity-stream/lib/TelemetryFeed.jsm:493
onAction()@resource://activity-stream/lib/TelemetryFeed.jsm:451
_middleware/</<()@resource://activity-stream/lib/Store.jsm:51
Store/this[method]()@resource://activity-stream/lib/Store.jsm:29
uninit()@resource://activity-stream/lib/Store.jsm:170
uninit()@resource://activity-stream/lib/ActivityStream.jsm:318
uninit()@resource://gre/modules/addons/XPIProvider.jsm -> jar:file:///C:/Program%20Files%20(x86)/Mozilla%20Firefox/browser/features/activity-stream@mozilla.org.xpi!/bootstrap.js:79
shutdown()@resource://gre/modules/addons/XPIProvider.jsm -> jar:file:///C:/Program%20Files%20(x86)/Mozilla%20Firefox/browser/features/activity-stream@mozilla.org.xpi!/bootstrap.js:187
callBootstrapMethod()@resource://gre/modules/addons/XPIProvider.jsm:2757
observe()@resource://gre/modules/addons/XPIProvider.jsm:1672
GeckoDriver.prototype.quit()@driver.js:3282
despatch()@server.js:294
execute()@server.js:268
onPacket/<()@server.js:243
onPacket()@server.js:242
_onJSONObjectReady/<()@transport.js:500
[Parent 8940, Gecko_IOThread] WARNING: pipe error: 109: file z:/build/build/src/ipc/chromium/src/chrome/common/ipc_channel_win.cc, line 346
[Child 6692, Chrome_ChildThread] WARNING: pipe error: 109: file z:/build/build/src/ipc/chromium/src/chrome/common/ipc_channel_win.cc, line 346
[Child 6692, Chro[Parent 8940, Gecko_IOThread] WARNING: pipe error: 109: file z:/build/build/src/ipc/chromium/src/chrome/common/ipc_channel_win.cc, line 346
[Child 2692, Chrome_ChildThread] WARNING: pipe error: 109: file z:/build/build/src/ipc/chromium/src/chrome/common/ipc_channel_win.cc, line 346
[Child 2692, Chrome_Chil*** UTM:SVC TimerManager:registerTimer called after profile-before-change notification. Ignoring timer registration for id: telemetry_modules_ping
[GPU 6940, Chrome_Chi
###!!! [Child][MessageChannel::SendAndWait] Error: Channel error: cannot send/recv

1536357175539	geckodriver	INFO	geckodriver 0.21.0
1536357175586	geckodriver	INFO	Listening on 127.0.0.1:50886
1536357178556	mozrunner::runner	INFO	Running command: "C:\\Program Files (x86)\\Mozilla Firefox\\firefox.exe" "-marionette" "-foreground" "-no-remote" "-profile" "C:\\Users\\Reynald\\AppData\\Local\\Temp\\rust_mozprofile.KfpKX6mmNDLh"
Unable to read VR Path Registry from C:\Users\Reynald\AppData\Local\openvr\openvrpaths.vrpath
Unable to read VR Path Registry from C:\Users\Reynald\AppData\Local\openvr\openvrpaths.vrpath
Unable to read VR Path Registry from C:\Users\Reynald\AppData\Local\openvr\openvrpaths.vrpath
Unable to read VR Path Registry from C:\Users\Reynald\AppData\Local\openvr\openvrpaths.vrpath
Unable to read VR Path Registry from C:\Users\Reynald\AppData\Local\openvr\openvrpaths.vrpath
1536357185777	Marionette	INFO	Listening on port 50896
1536357185897	Marionette	WARN	TLS certificate errors will be ignored for this session
[Child 9552, Chrome_ChildThread] WARNING: pipe error: 109: file z:/build/build/src/ipc/chromium/src/chrome/common/ipc_channel_win.cc, line 346
[Child 9552, Chrome_ChildThread] WARNING: pipe error: 109: file z:/build/build/src/ipc/chromium/src/chrome/common/ipc_chann[Child 10088, Chrome_ChildThread] WARNING: pipe error: 109: file z:/build/build/src/ipc/chromium/src/chrome/common/ipc_channel_win.cc, line 346
[Child 10088, Chrome_[Parent 11544, Gecko_IOThread] WARNING: pipe error: 109: file z:/build/build/src/ipc/chromium/src/chrome/common/ipc_channel_win.cc, line 346
*** UTM:SVC TimerManager:registerTimer called after profile-before-change notification. Ignoring timer registration for id: telemetry_modules_ping
[GPU 10596, Chrome_ChildThread] 
###!!! [Child][MessageChannel::SendAndWait] Error: Channel error: cannot send/recv

1536357324652	geckodriver	INFO	geckodriver 0.21.0
1536357324652	geckodriver	INFO	Listening on 127.0.0.1:50942
1536357327668	mozrunner::runner	INFO	Running command: "C:\\Program Files (x86)\\Mozilla Firefox\\firefox.exe" "-marionette" "-foreground" "-no-remote" "-profile" "C:\\Users\\Reynald\\AppData\\Local\\Temp\\rust_mozprofile.VUKs1gA65BeW"
Unable to read VR Path Registry from C:\Users\Reynald\AppData\Local\openvr\openvrpaths.vrpath
Unable to read VR Path Registry from C:\Users\Reynald\AppData\Local\openvr\openvrpaths.vrpath
Unable to read VR Path Registry from C:\Users\Reynald\AppData\Local\openvr\openvrpaths.vrpath
Unable to read VR Path Registry from C:\Users\Reynald\AppData\Local\openvr\openvrpaths.vrpath
Unable to read VR Path Registry from C:\Users\Reynald\AppData\Local\openvr\openvrpaths.vrpath
1536357331413	Marionette	INFO	Listening on port 50950
1536357331718	Marionette	WARN	TLS certificate errors will be ignored for this session
[Parent 5732, Gecko_IOThread] WARNING: pipe error: 109: file z:/build/build/src/ipc/chromium/src/chrome/common/ipc_channel_win.cc, line 346
[Parent 5732, Gecko_IOThread] WARNING: pipe error: 109: file z:/build/build/src/ipc/chromium/src/chrome/common/ipc_channel_win.cc, line 346
[Child 10792, Chrome_ChildThread] WARNING: pipe error: 109: file z:/build/build/src/ipc/chromium/src/chrome/common/ipc_channel_win.cc, line 346
[Child 10792, Chrome_ChildThread] WARNING: pi[Child 13068, Chrome_ChildThread] WARNING: pipe error: 109: file z:/build/build/src/ipc/chromium/src/chrome/common/ipc_channel_win.cc, line 346
[Child 13068, Chrome_ChildThread] WARNING: pi[Parent 5732, Gecko_IOThread] WARNING: pipe error: 109: file z:/build/build/src/ipc/chromium/src/chrome/common/ipc_channel_win.cc, line 346
[Child 7632, Chrome_ChildThread] WARNING: pipe error: 109: file z:/build/build/src/ipc/chromium/src/chrome/common/ipc_channel_win.cc, line 346
[Child 7632, Chrome_ChildThread] WA*** UTM:SVC TimerManager:registerTimer called after profile-before-change notification. Ignoring timer registration for id: telemetry_modules_ping

###!!! [Child][MessageChannel::SendAndWait] Error: Channel error: cannot send/recv

1536357423746	geckodriver	INFO	geckodriver 0.21.0
1536357423762	geckodriver	INFO	Listening on 127.0.0.1:50983
1536357426793	mozrunner::runner	INFO	Running command: "C:\\Program Files (x86)\\Mozilla Firefox\\firefox.exe" "-marionette" "-foreground" "-no-remote" "-profile" "C:\\Users\\Reynald\\AppData\\Local\\Temp\\rust_mozprofile.cTo7rResq445"
Unable to read VR Path Registry from C:\Users\Reynald\AppData\Local\openvr\openvrpaths.vrpath
Unable to read VR Path Registry from C:\Users\Reynald\AppData\Local\openvr\openvrpaths.vrpath
Unable to read VR Path Registry from C:\Users\Reynald\AppData\Local\openvr\openvrpaths.vrpath
Unable to read VR Path Registry from C:\Users\Reynald\AppData\Local\openvr\openvrpaths.vrpath
Unable to read VR Path Registry from C:\Users\Reynald\AppData\Local\openvr\openvrpaths.vrpath
1536357430663	Marionette	INFO	Listening on port 50991
1536357430706	Marionette	WARN	TLS certificate errors will be ignored for this session
[Parent 11044, Gecko_IOThread] WARNING: pipe error: 109: file z:/build/build/src/ipc/chromium/src/chrome/common/ipc_channel_win.cc, line 346
[Child 11292, Chrome_ChildThread] WARNING: pipe error: 109: file z:/build/build/src/ipc/chromium/src/chrome/common/ipc_channel_win.cc, line 346
[Child 11292, Chrome_ChildThread] WARNING: pipe error: 109: file z:/build/build/src/ipc/ch[Child 12744, Chrome_ChildThread] WARNING: pipe error: 109: file z:/build/build/src/ipc/chromium/src/chrome/common/ipc_channel_win.cc, line 346
[Child 12744, Chrome_ChildThread] WARNING: pipe error: 109: file z:/build/build/src/ipc/chromium/src/chrome/common/ipc_channel_win.cc, line 346
[Parent 11044, Gecko_IOThread] WARNING: pipe error: 109: file z:/build/build/src/ipc/chromium/src/chrome/common/ipc_channel_win.cc, line 346
[Child 3364, Chrome_ChildThread] WARNING: pipe error: 109: file z:/build/build/src/ipc/chromium/src/chrome/common/ipc_channel_win.cc, line 346
[Child 3364, C*** UTM:SVC TimerManager:registerTimer called after profile-before-change notification. Ignoring timer registration for id: telemetry_modules_ping
[GPU 3888, Ch
###!!! [Child][MessageChannel::SendAndWait] Error: Channel error: cannot send/recv

1536357641214	geckodriver	INFO	geckodriver 0.21.0
1536357641229	geckodriver	INFO	Listening on 127.0.0.1:51025
1536357644230	mozrunner::runner	INFO	Running command: "C:\\Program Files (x86)\\Mozilla Firefox\\firefox.exe" "-marionette" "-foreground" "-no-remote" "-profile" "C:\\Users\\Reynald\\AppData\\Local\\Temp\\rust_mozprofile.zoZk2DAd53vY"
Unable to read VR Path Registry from C:\Users\Reynald\AppData\Local\openvr\openvrpaths.vrpath
Unable to read VR Path Registry from C:\Users\Reynald\AppData\Local\openvr\openvrpaths.vrpath
Unable to read VR Path Registry from C:\Users\Reynald\AppData\Local\openvr\openvrpaths.vrpath
Unable to read VR Path Registry from C:\Users\Reynald\AppData\Local\openvr\openvrpaths.vrpath
Unable to read VR Path Registry from C:\Users\Reynald\AppData\Local\openvr\openvrpaths.vrpath
1536357648829	Marionette	INFO	Listening on port 51033
1536357649517	Marionette	WARN	TLS certificate errors will be ignored for this session
[Parent 6464, Gecko_IOThread] WARNING: pipe error: 109: file z:/build/build/src/ipc/chromium/src/chrome/common/ipc_channel_win.cc, line 346
[Parent 6464, Gecko_IOThread] WARNING: pipe error: 109: file z:/build/build/src/ipc/chromium/src/chrome/common/ipc_channel_win.cc, line 346
*** UTM:SVC TimerManager:registerTimer called after profile-before-change notification. Ignoring timer registration for id: telemetry_modules_ping

###!!! [Child][MessageChannel::SendAndWait] Error: Channel error: cannot send/recv

1536357796046	geckodriver	INFO	geckodriver 0.21.0
1536357796046	geckodriver	INFO	Listening on 127.0.0.1:51068
1536357799062	mozrunner::runner	INFO	Running command: "C:\\Program Files (x86)\\Mozilla Firefox\\firefox.exe" "-marionette" "-foreground" "-no-remote" "-profile" "C:\\Users\\Reynald\\AppData\\Local\\Temp\\rust_mozprofile.GcyA9e3yZtzq"
Unable to read VR Path Registry from C:\Users\Reynald\AppData\Local\openvr\openvrpaths.vrpath
Unable to read VR Path Registry from C:\Users\Reynald\AppData\Local\openvr\openvrpaths.vrpath
Unable to read VR Path Registry from C:\Users\Reynald\AppData\Local\openvr\openvrpaths.vrpath
Unable to read VR Path Registry from C:\Users\Reynald\AppData\Local\openvr\openvrpaths.vrpath
Unable to read VR Path Registry from C:\Users\Reynald\AppData\Local\openvr\openvrpaths.vrpath
1536357802897	Marionette	INFO	Listening on port 51076
1536357802979	Marionette	WARN	TLS certificate errors will be ignored for this session
[Parent 1808, Gecko_IOThread] WARNING: pipe error: 109: file z:/build/build/src/ipc/chromium/src/chrome/common/ipc_channel_win.cc, line 346
[Child 3152, Chrome_ChildThread] WARNING: pipe error: 109: file z:/build/build/src/ipc/chromium/src/chrome/common/ipc_channel_win.cc, line 346
[Child 3152, Ch[Child 10608, Chrome_ChildThread] WARNING: pipe error: 109: file z:/build/build/src/ipc/chromium/src/chrome/common/ipc_channel_win.cc, line 346
[Child 10608,[Parent 1808, Gecko_IOThread] WARNING: pipe error: 109: file z:/build/build/src/ipc/chromium/src/chrome/common/ipc_channel_win.cc, line 346
[Child 4180, Chrome_ChildThread] WARNING: pipe error: 109: file z:/build/build/src/ipc/chromium/src/chrome/common/ipc_channel_win.cc, line 346
[Child 4180, Chrome_ChildThread] WARNING: pipe *** UTM:SVC TimerManager:registerTimer called after profile-before-change notification. Ignoring timer registration for id: telemetry_modules_ping
[GPU 3932, Chrome_Chil
###!!! [Child][MessageChannel::SendAndWait] Error: Channel error: cannot send/recv

1536357863665	geckodriver	INFO	geckodriver 0.21.0
1536357863680	geckodriver	INFO	Listening on 127.0.0.1:51113
1536357866682	mozrunner::runner	INFO	Running command: "C:\\Program Files (x86)\\Mozilla Firefox\\firefox.exe" "-marionette" "-foreground" "-no-remote" "-profile" "C:\\Users\\Reynald\\AppData\\Local\\Temp\\rust_mozprofile.BqBSoMYN4sK5"
Unable to read VR Path Registry from C:\Users\Reynald\AppData\Local\openvr\openvrpaths.vrpath
Unable to read VR Path Registry from C:\Users\Reynald\AppData\Local\openvr\openvrpaths.vrpath
Unable to read VR Path Registry from C:\Users\Reynald\AppData\Local\openvr\openvrpaths.vrpath
Unable to read VR Path Registry from C:\Users\Reynald\AppData\Local\openvr\openvrpaths.vrpath
Unable to read VR Path Registry from C:\Users\Reynald\AppData\Local\openvr\openvrpaths.vrpath
1536357870625	Marionette	INFO	Listening on port 51121
1536357871213	Marionette	WARN	TLS certificate errors will be ignored for this session
[Parent 7092, Gecko_IOThread] WARNING: pipe error: 109: file z:/build/build/src/ipc/chromium/src/chrome/common/ipc_channel_win.cc, line 346
[Parent 7092, Gecko_IOThread] WARNING: pipe error: 109: file z:/build/build/src/ipc/chromium/src/chrome/common/ipc_channel_win.cc, line 346
[Child 6008, Chrome_ChildThread] WARNING: pipe error: 109: file z:/build/build/src/ipc/chromium/src/chrome/common/ipc_channel_win.cc, line 346
[Child 9728, Chrome_ChildThread] WARNING: pipe error: 109: file z:/build/build/src/ipc/chromium/src/chrome/common/ipc_channel_win.cc, line 346
[Child 9728, Chrome_ChildThread] WARNING: pipe error: 109: file z:/build/build/src/ipc/chromium/src/chro[Parent 7092, Gecko_IOThread] WARNING: pipe error: 109: file z:/build/build/src/ipc/chromium/src/chrome/common/ipc_channel_win.cc, line 346
*** UTM:SVC TimerManager:registerTimer called after profile-before-change notification. Ignoring timer registration for id: telemetry_modules_ping
[GPU 124
###!!! [Child][MessageChannel::SendAndWait] Error: Channel error: cannot send/recv

1536358624689	geckodriver	INFO	geckodriver 0.21.0
1536358624689	geckodriver	INFO	Listening on 127.0.0.1:51197
1536358627689	mozrunner::runner	INFO	Running command: "C:\\Program Files (x86)\\Mozilla Firefox\\firefox.exe" "-marionette" "-foreground" "-no-remote" "-profile" "C:\\Users\\Reynald\\AppData\\Local\\Temp\\rust_mozprofile.aIE8Mp6DN74t"
Unable to read VR Path Registry from C:\Users\Reynald\AppData\Local\openvr\openvrpaths.vrpath
Unable to read VR Path Registry from C:\Users\Reynald\AppData\Local\openvr\openvrpaths.vrpath
Unable to read VR Path Registry from C:\Users\Reynald\AppData\Local\openvr\openvrpaths.vrpath
Unable to read VR Path Registry from C:\Users\Reynald\AppData\Local\openvr\openvrpaths.vrpath
Unable to read VR Path Registry from C:\Users\Reynald\AppData\Local\openvr\openvrpaths.vrpath
1536358631875	Marionette	INFO	Listening on port 51205
1536358632097	Marionette	WARN	TLS certificate errors will be ignored for this session
[Child 9396, Chrome_ChildThread] WARNING: pipe error: 109: file z:/build/build/src/ipc/chromium/src/chrome/common/ipc_channel_win[.Ccc, line 346hild 9636, Chrome_ChildThread] WARNING: pipe error: 109: file z:/build/build/src/ipc/chromium/src/chrome/common/ipc_channel_win.
cc, line 346
[Child 9396, Chrome_ChildT[[Parent 8120, Gecko_IOThread] WARNING: pipe error: 109: file z:/build/build/src/ipc/chromium/src/chrome/common/ipc_channel_win.cc, line 346
[GPU 7740, Chrome_Chi
###!!! [Child][MessageChannel::SendAndWait] Error: Channel error: cannot send/recv

y from C:\Users\Reynald\AppData\Local\openvr\openvrpaths.vrpath
Unable to read VR Path Registry from C:\Users\Reynald\AppData\Local\openvr\openvrpaths.vrpath
Unable to read VR Path Registry from C:\Users\Reynald\AppData\Local\openvr\openvrpaths.vrpath
1536358722845	Marionette	INFO	Listening on port 51248
1536358723031	Marionette	WARN	TLS certificate errors will be ignored for this session
[Parent 4736, Gecko_IOThread] WARNING: pipe error: 109: file z:/build/build/src/ipc/chromium/src/chrome/common/ipc_channel_win.cc, line 346
[Parent 4736, Gecko_IOThread] WARNING: pipe error: 109: file z:/build/build/src/ipc/chromium/src/chrome/common/ipc_channel_win.cc, line 346
[Child 6356, Chrome_ChildThread] WARNING: pipe error: 109: file z:/build/build/src/ipc/chromium/src/chrome/common/ipc_channel_win.cc, line 346
[Child 6356,[Child 4408, Chrome_ChildThread] WARNING: pipe error: 109: file z:/build/build/src/ipc/chromium/src/chrome/common/ipc_channel_win.cc, line 346
[Child 4408, Chr[Parent 4736, Gecko_IOThread] WARNING: pipe error: 109: file z:/build/build/src/ipc/chromium/src/chrome/common/ipc_channel_win.cc, line 346
[Child 13064, Chrome_ChildThread] WARNING: pipe error: 109: file z:/build/build/src/ipc/chromium/src/chrome/common/ipc_channel_win.cc, line 346
[Child 13064, C*** UTM:SVC TimerManager:registerTimer called after profile-before-change notification. Ignoring timer registration for id: telemetry_modules_ping
[GPU 218
###!!! [Child][MessageChannel::SendAndWait] Error: Channel error: cannot send/recv

1536358811493	geckodriver	INFO	geckodriver 0.21.0
1536358811509	geckodriver	INFO	Listening on 127.0.0.1:51283
1536358814525	mozrunner::runner	INFO	Running command: "C:\\Program Files (x86)\\Mozilla Firefox\\firefox.exe" "-marionette" "-foreground" "-no-remote" "-profile" "C:\\Users\\Reynald\\AppData\\Local\\Temp\\rust_mozprofile.CMrn0X3z6X2c"
Unable to read VR Path Registry from C:\Users\Reynald\AppData\Local\openvr\openvrpaths.vrpath
Unable to read VR Path Registry from C:\Users\Reynald\AppData\Local\openvr\openvrpaths.vrpath
Unable to read VR Path Registry from C:\Users\Reynald\AppData\Local\openvr\openvrpaths.vrpath
Unable to read VR Path Registry from C:\Users\Reynald\AppData\Local\openvr\openvrpaths.vrpath
Unable to read VR Path Registry from C:\Users\Reynald\AppData\Local\openvr\openvrpaths.vrpath
1536358818885	Marionette	INFO	Listening on port 51291
1536358819099	Marionette	WARN	TLS certificate errors will be ignored for this session
[Parent 1400, Gecko_IOThread] WARNING: pipe error: 109: file z:/build/build/src/ipc/chromium/src/chrome/common/ipc_channel_win.cc, line 346
[Child 1964, Chrome_ChildThread] WARNING: pipe error: 109: file z:/build/build/src/ipc/chromium/src/chrome/common/ipc_channel_win.cc, line 346
[Child 1964, Chrome_ChildThread] WARNING: pipe error: 109: file z:/build/build/src/ipc[Parent 1400, Gecko_IOThread] WARNING: pipe error: 109: file z:/build/build/src/ipc/chromium/src/chrome/common/ipc_channel_win.cc, line 346
[Child 3000, Chrome_ChildThread] WARNING: pipe error: 109: file z:/build/build/src/ipc/chromium/src/chrome/common/ipc_channel_win.cc, line 346
[Child 3000, *** UTM:SVC TimerManager:registerTimer called after profile-before-change notification. Ignoring timer registration for id: telemetry_modules_ping

###!!! [Child][MessageChannel::SendAndWait] Error: Channel error: cannot send/recv

1536358867580	geckodriver	INFO	geckodriver 0.21.0
1536358867595	geckodriver	INFO	Listening on 127.0.0.1:51324
1536358870580	mozrunner::runner	INFO	Running command: "C:\\Program Files (x86)\\Mozilla Firefox\\firefox.exe" "-marionette" "-foreground" "-no-remote" "-profile" "C:\\Users\\Reynald\\AppData\\Local\\Temp\\rust_mozprofile.EZmRtETRoDu6"
Unable to read VR Path Registry from C:\Users\Reynald\AppData\Local\openvr\openvrpaths.vrpath
Unable to read VR Path Registry from C:\Users\Reynald\AppData\Local\openvr\openvrpaths.vrpath
Unable to read VR Path Registry from C:\Users\Reynald\AppData\Local\openvr\openvrpaths.vrpath
Unable to read VR Path Registry from C:\Users\Reynald\AppData\Local\openvr\openvrpaths.vrpath
Unable to read VR Path Registry from C:\Users\Reynald\AppData\Local\openvr\openvrpaths.vrpath
1536358875359	Marionette	INFO	Listening on port 51332
1536358875711	Marionette	WARN	TLS certificate errors will be ignored for this session
[Parent 11292, Gecko_IOThread] WARNING: pipe error: 109: file z:/build/build/src/ipc/chromium/src/chrome/common/ipc_channel_win.cc, line 346
[Parent 11292, Gecko_IOThread] WARNING: pipe error: 109: file z:/build/build/src/ipc/chromium/src/chrome/common/ipc_channel_win.cc, line 346
[Child 4588, Chrome_ChildThread] WARNING: pipe error: 109: file z:/build/build/src/ipc/chromium/src/chrome/common/ipc_channel_win.c[Child 5324, Chrome_ChildThread] WARNING: pipe error: 109c, line 346: file z:/build/buil
d/src/i[Child 4588, Chromepc/chromium/src/chrome/common/ipc_channel_win.cc, line 346
[Child 5324, Chro[Parent 11292, Gecko_IOThread] WARNING: pipe error: 109: file z:/build/build/src/ipc/chromium/src/chrome/common/ipc_channel_win.cc, line 346
*** UTM:SVC TimerManager:registerTimer called after profile-before-change notification. Ignoring timer registration for id: telemetry_modules_ping
[GPU 7440, Ch
###!!! [Child][MessageChannel::SendAndWait] Error: Channel error: cannot send/recv

1536359262534	geckodriver	INFO	geckodriver 0.21.0
1536359262550	geckodriver	INFO	Listening on 127.0.0.1:51379
1536359265535	mozrunner::runner	INFO	Running command: "C:\\Program Files (x86)\\Mozilla Firefox\\firefox.exe" "-marionette" "-foreground" "-no-remote" "-profile" "C:\\Users\\Reynald\\AppData\\Local\\Temp\\rust_mozprofile.mFEI5UMKTRju"
Unable to read VR Path Registry from C:\Users\Reynald\AppData\Local\openvr\openvrpaths.vrpath
Unable to read VR Path Registry from C:\Users\Reynald\AppData\Local\openvr\openvrpaths.vrpath
Unable to read VR Path Registry from C:\Users\Reynald\AppData\Local\openvr\openvrpaths.vrpath
Unable to read VR Path Registry from C:\Users\Reynald\AppData\Local\openvr\openvrpaths.vrpath
Unable to read VR Path Registry from C:\Users\Reynald\AppData\Local\openvr\openvrpaths.vrpath
1536359270007	Marionette	INFO	Listening on port 51387
1536359270113	Marionette	WARN	TLS certificate errors will be ignored for this session
[Parent 6688, Gecko_IOThread] WARNING: pipe error: 109: file z:/build/build/src/ipc/chromium/src/chrome/common/ipc_channel_win.cc, line 346
[Child 120, Chrome_ChildThread] WARNING: pipe error: 109: file z:/build/build/src/ipc/chromium/src/chrome/common/ipc_channel_win.cc, line 346
[Child 120, Chrome_ChildThread] WARNING: pipe error: 109: file z:/build/build/src/ipc/[Parent 6688, Gecko_IOThread] WARNING: pipe error: 109: file z:/build/build/src/ipc/chromium/src/chrome/common/ipc_channel_win.cc, line 346
[Child 12400, Chrome_ChildThread] WARNING: pipe error: 109: file z:/build/build/src/ipc/chromium/src/chrome/common/ipc_channel_win.cc, line 346
[Child 12400, C*** UTM:SVC TimerManager:registerTimer called after profile-before-change notification. Ignoring timer registration for id: telemetry_modules_ping
[GPU 724
###!!! [Child][MessageChannel::SendAndWait] Error: Channel error: cannot send/recv

1536359359877	geckodriver	INFO	geckodriver 0.21.0
1536359359893	geckodriver	INFO	Listening on 127.0.0.1:51422
1536359362879	mozrunner::runner	INFO	Running command: "C:\\Program Files (x86)\\Mozilla Firefox\\firefox.exe" "-marionette" "-foreground" "-no-remote" "-profile" "C:\\Users\\Reynald\\AppData\\Local\\Temp\\rust_mozprofile.SiPFMktZ0EEV"
Unable to read VR Path Registry from C:\Users\Reynald\AppData\Local\openvr\openvrpaths.vrpath
Unable to read VR Path Registry from C:\Users\Reynald\AppData\Local\openvr\openvrpaths.vrpath
Unable to read VR Path Registry from C:\Users\Reynald\AppData\Local\openvr\openvrpaths.vrpath
Unable to read VR Path Registry from C:\Users\Reynald\AppData\Local\openvr\openvrpaths.vrpath
Unable to read VR Path Registry from C:\Users\Reynald\AppData\Local\openvr\openvrpaths.vrpath
1536359366956	Marionette	INFO	Listening on port 51430
1536359367314	Marionette	WARN	TLS certificate errors will be ignored for this session
[Child 11592, Chrome_ChildThread] WARNING: pipe error: 109: file z:/build/build/src/ipc/chromium/src/chrome/common/ipc_channel_win.cc, line 346
[Child 11592, Chrome_Chil[Child 12620, Chrome_ChildThread] WARNING: pipe error: 109: file z:/build/build/src/ipc/chromium/src/chrome/common/ipc_channel_win.cc, line 346
[Child 12620, Chrome_[Child 2932, Chrome_ChildThread] WARNING: pipe error: 109: file z:/build/build/src/ipc/chromium/src/chroUnable to read VR Path Registry from C:\Users\Reynald\AppData\Local\openvr\openvrpath
###!!! [Child][MessageChannel::SendAndWait] Error: Channel error: cannot send/recv

nvrpaths.vrpath
Unable to read VR Path Registry from C:\Users\Reynald\AppData\Local\openvr\openvrpaths.vrpath
Unable to read VR Path Registry from C:\Users\Reynald\AppData\Local\openvr\openvrpaths.vrpath
1536359488625	Marionette	INFO	Listening on port 51481
1536359489552	Marionette	WARN	TLS certificate errors will be ignored for this session
[GPU 12384, 
###!!! [Child][MessageChannel::SendAndWait] Error: Channel error: cannot send/recv

1536359773535	geckodriver	INFO	geckodriver 0.21.0
1536359773550	geckodriver	INFO	Listening on 127.0.0.1:51541
1536359776536	mozrunner::runner	INFO	Running command: "C:\\Program Files (x86)\\Mozilla Firefox\\firefox.exe" "-marionette" "-foreground" "-no-remote" "-profile" "C:\\Users\\Reynald\\AppData\\Local\\Temp\\rust_mozprofile.wiHwxxhkCIdD"
Unable to read VR Path Registry from C:\Users\Reynald\AppData\Local\openvr\openvrpaths.vrpath
Unable to read VR Path Registry from C:\Users\Reynald\AppData\Local\openvr\openvrpaths.vrpath
Unable to read VR Path Registry from C:\Users\Reynald\AppData\Local\openvr\openvrpaths.vrpath
Unable to read VR Path Registry from C:\Users\Reynald\AppData\Local\openvr\openvrpaths.vrpath
Unable to read VR Path Registry from C:\Users\Reynald\AppData\Local\openvr\openvrpaths.vrpath
1536359780554	Marionette	INFO	Listening on port 51549
1536359780960	Marionette	WARN	TLS certificate errors will be ignored for this session
1536359784349	addons.xpi	WARN	Exception running bootstrap method shutdown on activity-stream@mozilla.org: [Exception... "Component returned failure code: 0x80004005 (NS_ERROR_FAILURE) [nsIObserverService.removeObserver]"  nsresult: "0x80004005 (NS_ERROR_FAILURE)"  location: "JS frame :: resource://activity-stream/lib/TelemetryFeed.jsm :: uninit :: line 493"  data: no] Stack trace: uninit()@resource://activity-stream/lib/TelemetryFeed.jsm:493
onAction()@resource://activity-stream/lib/TelemetryFeed.jsm:451
_middleware/</<()@resource://activity-stream/lib/Store.jsm:51
Store/this[method]()@resource://activity-stream/lib/Store.jsm:29
uninit()@resource://activity-stream/lib/Store.jsm:170
uninit()@resource://activity-stream/lib/ActivityStream.jsm:318
uninit()@resource://gre/modules/addons/XPIProvider.jsm -> jar:file:///C:/Program%20Files%20(x86)/Mozilla%20Firefox/browser/features/activity-stream@mozilla.org.xpi!/bootstrap.js:79
shutdown()@resource://gre/modules/addons/XPIProvider.jsm -> jar:file:///C:/Program%20Files%20(x86)/Mozilla%20Firefox/browser/features/activity-stream@mozilla.org.xpi!/bootstrap.js:187
callBootstrapMethod()@resource://gre/modules/addons/XPIProvider.jsm:2757
observe()@resource://gre/modules/addons/XPIProvider.jsm:1672
GeckoDriver.prototype.quit()@driver.js:3282
despatch()@server.js:294
execute()@server.js:268
onPacket/<()@server.js:243
onPacket()@server.js:242
_onJSONObjectReady/<()@transport.js:500
[Parent 5712, Gecko_IOThread] WARNING: pipe error: 109: file z:/build/build/src/ipc/chromium/src/chrome/common/ipc_channel_win.cc, line 346
[Child 6788, Chrome_ChildThread] WARNING: pipe error: 109: file z:/build/build/src/ipc/chromium/src/chrome/common/ipc_channel_win.cc, line 346
[Child 6788, Chrome_[Child 6544, Chrome_ChildThread] WARNING: pipe error: 109: file z:/build/build/src/ipc/chromium/src/chrome/common/ipc_channel_win.cc, line 346
[Child 6544, Chrome_ChildThrea[Parent 5712, Gecko_IOThread] WARNING: pipe error: 109: file z:/build/build/src/ipc/chromium/src/chrome/common/ipc_channel_win.cc, line 346
[Child 9552, Chrome_ChildThread] WARNING: pipe error: 109: file z:/build/build/src/ipc/chromium/src/chrome/common/ipc_channel_win.cc, line 346
[Child 9552, Chrome_Chi*** UTM:SVC TimerManager:registerTimer called after profile-before-change notification. Ignoring timer registration for id: telemetry_modules_ping

###!!! [Child][MessageChannel::SendAndWait] Error: Channel error: cannot send/recv

1536362745805	geckodriver	INFO	geckodriver 0.21.0
1536362745821	geckodriver	INFO	Listening on 127.0.0.1:51737
1536362748790	mozrunner::runner	INFO	Running command: "C:\\Program Files (x86)\\Mozilla Firefox\\firefox.exe" "-marionette" "-foreground" "-no-remote" "-profile" "C:\\Users\\Reynald\\AppData\\Local\\Temp\\rust_mozprofile.COljnepqp7FF"
Unable to read VR Path Registry from C:\Users\Reynald\AppData\Local\openvr\openvrpaths.vrpath
Unable to read VR Path Registry from C:\Users\Reynald\AppData\Local\openvr\openvrpaths.vrpath
Unable to read VR Path Registry from C:\Users\Reynald\AppData\Local\openvr\openvrpaths.vrpath
Unable to read VR Path Registry from C:\Users\Reynald\AppData\Local\openvr\openvrpaths.vrpath
Unable to read VR Path Registry from C:\Users\Reynald\AppData\Local\openvr\openvrpaths.vrpath
1536362752643	Marionette	INFO	Listening on port 51746
1536362753155	Marionette	WARN	TLS certificate errors will be ignored for this session
[Child 9720, Chrome_ChildThread] WARNING: pipe error: 109: file z:/build/build/src/ipc/chromium/src/chrome/common/ipc_channel_win.cc, line 346
[Child 9720, Chrome_ChildThread] WARNING[Child 11852, Chrome_ChildThread] WARNING: pipe error: 109: file z:/build/build/src/ipc/chromium/src/chrome/common/ipc_channel_win.cc, line 346
[Child 11852, Chrome_ChildThread] [Parent 11720, Gecko_IOThread] WARNING: pipe error: 109: file z:/build/build/src/ipc/chromium/src/chrome/common/ipc_channel_win.cc, line 346
*** UTM:SVC TimerManager:registerTimer called after profile-before-change notification. Ignoring timer registration for id: telemetry_modules_ping
[GPU 4124, Chrome_ChildThread] WARNING: pipe error: 
###!!! [Child][MessageChannel::SendAndWait] Error: Channel error: cannot send/recv

1536362913822	geckodriver	INFO	geckodriver 0.21.0
1536362913822	geckodriver	INFO	Listening on 127.0.0.1:51790
1536362916852	mozrunner::runner	INFO	Running command: "C:\\Program Files (x86)\\Mozilla Firefox\\firefox.exe" "-marionette" "-foreground" "-no-remote" "-profile" "C:\\Users\\Reynald\\AppData\\Local\\Temp\\rust_mozprofile.Li0QqHEvuVE6"
Unable to read VR Path Registry from C:\Users\Reynald\AppData\Local\openvr\openvrpaths.vrpath
Unable to read VR Path Registry from C:\Users\Reynald\AppData\Local\openvr\openvrpaths.vrpath
Unable to read VR Path Registry from C:\Users\Reynald\AppData\Local\openvr\openvrpaths.vrpath
Unable to read VR Path Registry from C:\Users\Reynald\AppData\Local\openvr\openvrpaths.vrpath
Unable to read VR Path Registry from C:\Users\Reynald\AppData\Local\openvr\openvrpaths.vrpath
1536362921337	Marionette	INFO	Listening on port 51798
1536362921437	Marionette	WARN	TLS certificate errors will be ignored for this session
[Child 7100, Chrome_ChildThread] WARNING: pipe error: 109: file z:/build/build/src/ipc/chromium/src/chrome/common/ipc_channel_win.cc, line 346
[Child 71[Parent 4964, Gecko_IOThread] WARNING: pipe error: 109: file z:/build/build/src/ipc/chromium/src/chrome/common/ipc_channel_win.cc, line 346
[Child 1528, Chrome_ChildThread] WARNING: pipe error: 109: file z:/build/build/src/ipc/chromium/src/chrome/common/ipc_channel_win.cc, line 346
[Child 1528, *** UTM:SVC TimerManager:registerTimer called after profile-before-change notification. Ignoring timer registration for id: telemetry_modules_ping

###!!! [Child][MessageChannel::SendAndWait] Error: Channel error: cannot send/recv

1536363055820	geckodriver	INFO	geckodriver 0.21.0
1536363055836	geckodriver	INFO	Listening on 127.0.0.1:51839
1536363058821	mozrunner::runner	INFO	Running command: "C:\\Program Files (x86)\\Mozilla Firefox\\firefox.exe" "-marionette" "-foreground" "-no-remote" "-profile" "C:\\Users\\Reynald\\AppData\\Local\\Temp\\rust_mozprofile.IuduE2ocTQaM"
Unable to read VR Path Registry from C:\Users\Reynald\AppData\Local\openvr\openvrpaths.vrpath
Unable to read VR Path Registry from C:\Users\Reynald\AppData\Local\openvr\openvrpaths.vrpath
Unable to read VR Path Registry from C:\Users\Reynald\AppData\Local\openvr\openvrpaths.vrpath
Unable to read VR Path Registry from C:\Users\Reynald\AppData\Local\openvr\openvrpaths.vrpath
Unable to read VR Path Registry from C:\Users\Reynald\AppData\Local\openvr\openvrpaths.vrpath
1536363062929	Marionette	INFO	Listening on port 51847
1536363063252	Marionette	WARN	TLS certificate errors will be ignored for this session
[Child 13040, Chrome_ChildThread] WARNING: pipe error: 109: file z:/build/build/src/ipc/chromium/src/chrome/common/ipc_channel_win.cc, line 346
[Child 13040[Parent 9088, Gecko_IOThread] WARNING: pipe error: 109: file z:/build/build/src/ipc/chromium/src/chrome/common/ipc_channel_win.cc, line 346
[Child 5448, Chrome_ChildThread] WARNING: pipe error: 109: file z:/build/build/src/ipc/chromium/src/chrome/common/ipc_channel_win.cc, line 346
[Child 5448,*** UTM:SVC TimerManager:registerTimer called after profile-before-change notification. Ignoring timer registration for id: telemetry_modules_ping

###!!! [Child][MessageChannel::SendAndWait] Error: Channel error: cannot send/recv

1536363871035	geckodriver	INFO	geckodriver 0.21.0
1536363871057	geckodriver	INFO	Listening on 127.0.0.1:51944
1536363874036	mozrunner::runner	INFO	Running command: "C:\\Program Files (x86)\\Mozilla Firefox\\firefox.exe" "-marionette" "-foreground" "-no-remote" "-profile" "C:\\Users\\Reynald\\AppData\\Local\\Temp\\rust_mozprofile.BE4GZjIZz1BG"
Unable to read VR Path Registry from C:\Users\Reynald\AppData\Local\openvr\openvrpaths.vrpath
Unable to read VR Path Registry from C:\Users\Reynald\AppData\Local\openvr\openvrpaths.vrpath
Unable to read VR Path Registry from C:\Users\Reynald\AppData\Local\openvr\openvrpaths.vrpath
Unable to read VR Path Registry from C:\Users\Reynald\AppData\Local\openvr\openvrpaths.vrpath
Unable to read VR Path Registry from C:\Users\Reynald\AppData\Local\openvr\openvrpaths.vrpath
1536363878143	Marionette	INFO	Listening on port 51952
1536363878433	Marionette	WARN	TLS certificate errors will be ignored for this session
[Parent 12952, Gecko_IOThread] WARNING: pipe error: 109: file z:/build/build/src/ipc/chromium/src/chrome/common/ipc_channel_win.cc, line 346
[Parent 12952, Gecko_IOThread] WARNING: pipe error: 109: file z:/build/build/src/ipc/chromium/src/chrome/common/ipc_channel_win.cc, line 346
[Child 3636, Chrome_ChildThread] WARNING: pipe error: 109: file z:/build/build/src/ipc/chromium/src/chrome/common/ipc_channel_win.cc, line 346
[Child 3636, Chro[Parent 12952, Gecko_IOThread] WARNING: pipe error: 109: file z:/build/build/src/ipc/chromium/src/chrome/common/ipc_channel_win.cc, line 346
[Child 11172, Chrome_ChildThread] WARNING: pipe error: 109: file z:/build/build/src/ipc/chromium/src/chrome/common/ipc_channel_win.cc, line 346
[Child 1117*** UTM:SVC TimerManager:registerTimer called after profile-before-change notification. Ignoring timer registration for id: telemetry_modules_ping
[GPU 3780, Chrome_ChildThread] WARNING: pipe error: 109: file z:/build/build/src/ipc/chromium/src/chrome/common/ipc_channel_win.cc, line 346

###!!! [Child][MessageChannel::SendAndWait] Error: Channel error: cannot send/recv

1536363932900	geckodriver	INFO	geckodriver 0.21.0
1536363932922	geckodriver	INFO	Listening on 127.0.0.1:51992
1536363935902	mozrunner::runner	INFO	Running command: "C:\\Program Files (x86)\\Mozilla Firefox\\firefox.exe" "-marionette" "-foreground" "-no-remote" "-profile" "C:\\Users\\Reynald\\AppData\\Local\\Temp\\rust_mozprofile.oYivR0UG7r4H"
Unable to read VR Path Registry from C:\Users\Reynald\AppData\Local\openvr\openvrpaths.vrpath
Unable to read VR Path Registry from C:\Users\Reynald\AppData\Local\openvr\openvrpaths.vrpath
Unable to read VR Path Registry from C:\Users\Reynald\AppData\Local\openvr\openvrpaths.vrpath
Unable to read VR Path Registry from C:\Users\Reynald\AppData\Local\openvr\openvrpaths.vrpath
Unable to read VR Path Registry from C:\Users\Reynald\AppData\Local\openvr\openvrpaths.vrpath
1536363939978	Marionette	INFO	Listening on port 52000
1536363940318	Marionette	WARN	TLS certificate errors will be ignored for this session
[Parent 6264, Gecko_IOThread] WARNING: pipe error: 109: file z:/build/build/src/ipc/chromium/src/chrome/common/ipc_channel_win.cc, line 346
[Child 492, Chrome_ChildThread] WARNING: pipe error: 109: file z:/build/build/src/ipc/chromium/src/chrome/common/ipc_channel_win.cc, line 346
[Child 492, Chrome_ChildThread][Child 5604, Chrome_ChildThread] WARNING: pipe error: 109: file z:/build/build/src/ipc/chromium/src/chrome/common/ipc_channel_win.cc, line 346
[Child 5604, Chrome_ChildThread] WARNING: pi[Parent 6264, Gecko_IOThread] WARNING: pipe error: 109: file z:/build/build/src/ipc/chromium/src/chrome/common/ipc_channel_win.cc, line 346
[Child 11116, Chrome_ChildThread] WARNING: pipe error: 109: file z:/build/build/src/ipc/chromium/src/chrome/common/ipc_channel_win.cc, line 346
[Child 11116, *** UTM:SVC TimerManager:registerTimer called after profile-before-change notification. Ignoring timer registration for id: telemetry_modules_ping
[GPU 7592, Chrome_ChildThread]
###!!! [Child][MessageChannel::SendAndWait] Error: Channel error: cannot send/recv

1536364166734	geckodriver	INFO	geckodriver 0.21.0
1536364166749	geckodriver	INFO	Listening on 127.0.0.1:52045
1536364169721	mozrunner::runner	INFO	Running command: "C:\\Program Files (x86)\\Mozilla Firefox\\firefox.exe" "-marionette" "-foreground" "-no-remote" "-profile" "C:\\Users\\Reynald\\AppData\\Local\\Temp\\rust_mozprofile.LjhjsVJzpiug"
Unable to read VR Path Registry from C:\Users\Reynald\AppData\Local\openvr\openvrpaths.vrpath
Unable to read VR Path Registry from C:\Users\Reynald\AppData\Local\openvr\openvrpaths.vrpath
Unable to read VR Path Registry from C:\Users\Reynald\AppData\Local\openvr\openvrpaths.vrpath
Unable to read VR Path Registry from C:\Users\Reynald\AppData\Local\openvr\openvrpaths.vrpath
Unable to read VR Path Registry from C:\Users\Reynald\AppData\Local\openvr\openvrpaths.vrpath
1536364173721	Marionette	INFO	Listening on port 52053
1536364174670	Marionette	WARN	TLS certificate errors will be ignored for this session
[Parent 5064, Gecko_IOThread] WARNING: pipe error: 109: file z:/build/build/src/ipc/chromium/src/chrome/common/ipc_channel_win.cc, line 346
[Child 11068, Chrome_ChildThread] WARNING: pipe error: 109: file z:/build/build/src/ipc/chromium/src/chrome/common/ipc_channel_win.cc, line 346
[Child 11068, Chrome_ChildThread] WARNI*** UTM:SVC TimerManager:registerTimer called after profile-before-change notification. Ignoring timer registration for id: telemetry_modules_ping
[GPU 3528, Chro
###!!! [Child][MessageChannel::SendAndWait] Error: Channel error: cannot send/recv

1536364451439	geckodriver	INFO	geckodriver 0.21.0
1536364451439	geckodriver	INFO	Listening on 127.0.0.1:52094
1536364454461	mozrunner::runner	INFO	Running command: "C:\\Program Files (x86)\\Mozilla Firefox\\firefox.exe" "-marionette" "-foreground" "-no-remote" "-profile" "C:\\Users\\Reynald\\AppData\\Local\\Temp\\rust_mozprofile.h43oW8DI7R6R"
Unable to read VR Path Registry from C:\Users\Reynald\AppData\Local\openvr\openvrpaths.vrpath
Unable to read VR Path Registry from C:\Users\Reynald\AppData\Local\openvr\openvrpaths.vrpath
Unable to read VR Path Registry from C:\Users\Reynald\AppData\Local\openvr\openvrpaths.vrpath
Unable to read VR Path Registry from C:\Users\Reynald\AppData\Local\openvr\openvrpaths.vrpath
Unable to read VR Path Registry from C:\Users\Reynald\AppData\Local\openvr\openvrpaths.vrpath
1536364458759	Marionette	INFO	Listening on port 52102
1536364458821	Marionette	WARN	TLS certificate errors will be ignored for this session
[Parent 3364, Gecko_IOThread] WARNING: pipe error: 109: file z:/build/build/src/ipc/chromium/src/chrome/common/ipc_channel_win.cc, line 346
[Parent 3364, Gecko_IOThread] WARNING: pipe error: 109: file z:/build/build/src/ipc/chromium/src/chrome/common/ipc_channel_win.cc, line 346
[Child 12952, Chrome_ChildThread] WARNING: pipe error: 109: file z:/build/build/src/ipc/chromium/src/chrome/common/ipc_channel_win.cc, line 346
[Child 12952, Chrome_ChildThread] WARNING: pipe error: 109: file z:/build/build/src/ipc/chrom[Child 116, Chrome_ChildThread] WARNING: pipe error: 109: file z:/build/build/src/ipc/chromium/src/chrome/common/ipc_channel_win.cc, line 346
[Child 116, Chrome_ChildThread] W[Parent 3364, Gecko_IOThread] WARNING: pipe error: 109: file z:/build/build/src/ipc/chromium/src/chrome/common/ipc_channel_win.cc, line 346
*** UTM:SVC TimerManager:registerTimer called after profile-before-change notification. Ignoring timer registration for id: telemetry_modules_ping
[GPU 9520, Chrome_Ch
###!!! [Child][MessageChannel::SendAndWait] Error: Channel error: cannot send/recv

1536364529554	geckodriver	INFO	geckodriver 0.21.0
1536364529569	geckodriver	INFO	Listening on 127.0.0.1:52142
1536364532555	mozrunner::runner	INFO	Running command: "C:\\Program Files (x86)\\Mozilla Firefox\\firefox.exe" "-marionette" "-foreground" "-no-remote" "-profile" "C:\\Users\\Reynald\\AppData\\Local\\Temp\\rust_mozprofile.YPah2QFk9pIl"
Unable to read VR Path Registry from C:\Users\Reynald\AppData\Local\openvr\openvrpaths.vrpath
Unable to read VR Path Registry from C:\Users\Reynald\AppData\Local\openvr\openvrpaths.vrpath
Unable to read VR Path Registry from C:\Users\Reynald\AppData\Local\openvr\openvrpaths.vrpath
Unable to read VR Path Registry from C:\Users\Reynald\AppData\Local\openvr\openvrpaths.vrpath
Unable to read VR Path Registry from C:\Users\Reynald\AppData\Local\openvr\openvrpaths.vrpath
1536364536924	Marionette	INFO	Listening on port 52150
1536364536949	Marionette	WARN	TLS certificate errors will be ignored for this session
[Child 3820, Chrome_ChildThread] WARNING: pipe error: 109: file z:/build/build/src/ipc/chromium/src/chrome/common/ipc_channel_win.cc, line 346
[Child 3820, Chrome_ChildThread] WARNING: pipe error: 109: file z:/build/build/src/ipc/chr[Parent 13064, Gecko_IOThread] WARNING: pipe error: 109: file z:/build/build/src/ipc/chromium/src/chrome/common/ipc_channel_win.cc, line 346
[Child 12600, Chrome_ChildThread] WARNING: pipe error: 109: file z:/build/build/src/ipc/chromium/src/chrome/common/ipc_channel_win.cc, line 346
[Child 126[Parent 13064, Gecko_IOThread] WARNING: pipe error: 109: file z:/build/build/src/ipc/chromium/src/chrome/common/ipc_channel_win.cc, line 346
*** UTM:SVC TimerManager:registerTimer called after profile-before-change notification. Ignoring timer registration for id: telemetry_modules_ping

###!!! [Child][MessageChannel::SendAndWait] Error: Channel error: cannot send/recv

1536364893044	geckodriver	INFO	geckodriver 0.21.0
1536364893067	geckodriver	INFO	Listening on 127.0.0.1:52196
1536364896068	mozrunner::runner	INFO	Running command: "C:\\Program Files (x86)\\Mozilla Firefox\\firefox.exe" "-marionette" "-foreground" "-no-remote" "-profile" "C:\\Users\\Reynald\\AppData\\Local\\Temp\\rust_mozprofile.7LQdqHeXZ5J6"
Unable to read VR Path Registry from C:\Users\Reynald\AppData\Local\openvr\openvrpaths.vrpath
Unable to read VR Path Registry from C:\Users\Reynald\AppData\Local\openvr\openvrpaths.vrpath
Unable to read VR Path Registry from C:\Users\Reynald\AppData\Local\openvr\openvrpaths.vrpath
Unable to read VR Path Registry from C:\Users\Reynald\AppData\Local\openvr\openvrpaths.vrpath
Unable to read VR Path Registry from C:\Users\Reynald\AppData\Local\openvr\openvrpaths.vrpath
1536364900613	Marionette	INFO	Listening on port 52204
1536364902075	Marionette	WARN	TLS certificate errors will be ignored for this session
*** UTM:SVC TimerManager:registerTimer called after profile-before-change notification. Ignoring timer registration for id: telemetry_modules_ping
[GPU 5732, C
###!!! [Child][MessageChannel::SendAndWait] Error: Channel error: cannot send/recv

1536364940467	geckodriver	INFO	geckodriver 0.21.0
1536364940483	geckodriver	INFO	Listening on 127.0.0.1:52244
1536364943484	mozrunner::runner	INFO	Running command: "C:\\Program Files (x86)\\Mozilla Firefox\\firefox.exe" "-marionette" "-foreground" "-no-remote" "-profile" "C:\\Users\\Reynald\\AppData\\Local\\Temp\\rust_mozprofile.HAx4nbETTlyV"
Unable to read VR Path Registry from C:\Users\Reynald\AppData\Local\openvr\openvrpaths.vrpath
Unable to read VR Path Registry from C:\Users\Reynald\AppData\Local\openvr\openvrpaths.vrpath
Unable to read VR Path Registry from C:\Users\Reynald\AppData\Local\openvr\openvrpaths.vrpath
Unable to read VR Path Registry from C:\Users\Reynald\AppData\Local\openvr\openvrpaths.vrpath
Unable to read VR Path Registry from C:\Users\Reynald\AppData\Local\openvr\openvrpaths.vrpath
1536364947975	Marionette	INFO	Listening on port 52252
1536364948478	Marionette	WARN	TLS certificate errors will be ignored for this session
[Parent 5792, Gecko_IOThread] WARNING: pipe error: 109: file z:/build/build/src/ipc/chromium/src/chrome/common/ipc_channel_win.cc, line 346
[Parent 5792, Gecko_IOThread] WARNING: pipe error: 109: file z:/build/build/src/ipc/chromium/src/chrome/common/ipc_channel_win.cc, line 346
[Child 6296, Chrome_ChildThread] WARNING: pipe error: 109: file z:/build/build/src/ipc/chromium/src/chrome/common/ipc_channel_win.cc, line 346
[Child 6296, Chrome_ChildThread] WARNING: pipe error: 109: file z:/build/build/src/ipc/chromium/src/chrome/common/ipc_channel_win.cc, line 346
[Child 12928, Chrome_ChildThread] WARNING: pipe error: 109: file z:/build/build/src/ipc/chromium/src/chrome/common/ipc_channel_win.cc, line 346
[Child 12928, [Parent 5792, Gecko_IOThread] WARNING: pipe error: 109: file z:/build/build/src/ipc/chromium/src/chrome/common/ipc_channel_win.cc, line 346
[Child 11700, Chrome_ChildThread] WARNING: pipe error: 109: file z:/build/build/src/ipc/chromium/src/chrome/common/ipc_channel_win.cc, line 346
*** UTM:SVC TimerManager:registerTimer called after profile-before-change notification. Ignoring timer registration for id: telemetry_modules_ping
[GPU 11228
###!!! [Child][MessageChannel::SendAndWait] Error: Channel error: cannot send/recv

1536366193831	geckodriver	INFO	geckodriver 0.21.0
1536366193831	geckodriver	INFO	Listening on 127.0.0.1:52341
1536366196847	mozrunner::runner	INFO	Running command: "C:\\Program Files (x86)\\Mozilla Firefox\\firefox.exe" "-marionette" "-foreground" "-no-remote" "-profile" "C:\\Users\\Reynald\\AppData\\Local\\Temp\\rust_mozprofile.45uPo1blDue4"
Unable to read VR Path Registry from C:\Users\Reynald\AppData\Local\openvr\openvrpaths.vrpath
Unable to read VR Path Registry from C:\Users\Reynald\AppData\Local\openvr\openvrpaths.vrpath
Unable to read VR Path Registry from C:\Users\Reynald\AppData\Local\openvr\openvrpaths.vrpath
Unable to read VR Path Registry from C:\Users\Reynald\AppData\Local\openvr\openvrpaths.vrpath
Unable to read VR Path Registry from C:\Users\Reynald\AppData\Local\openvr\openvrpaths.vrpath
1536366200909	Marionette	INFO	Listening on port 52350
1536366201279	Marionette	WARN	TLS certificate errors will be ignored for this session
[Child 1684, Chrome_ChildThread] WARNING: pipe error: 109: file z:/build/build/src/ipc/chromium/src/chrome/common/ipc_channel_win.cc, line 346
[Child 1684, Chrome_ChildThread] WARNING: pipe error: 109: file z:/build/build/src/ipc/[Child 12432, Chrome_ChildThread] WARNING: pipe error: 109: file z:/build/build/src/ipc/chromium/src/chrome/common/ipc_channel_win.cc, line 346
[Child 12432, Chrome_ChildThread] WARNING: pipe error: 109: file z:/build/build/src/ipc/chromium/src/chrome/common/ipc_channel_win.cc, line 346
[Parent 7008, Gecko_IOThread] WARNING: pipe error: 109: file z:/build/build/src/ipc/chromium/src/chrome/common/ipc_channel_win.cc, line 346
[Child 1120, Chrome_ChildThread] WARNING: pipe error: 109: file z:/build/build/src/ipc/chromium/src/chrome/common/ipc_channel_win.cc, line 346
[Child 1120, Chrome_ChildThread] WARNING: pipe error: 109: file z:/build/build/src[GPU 12552, Ch
###!!! [Child][MessageChannel::SendAndWait] Error: Channel error: cannot send/recv

1536366284327	geckodriver	INFO	geckodriver 0.21.0
1536366284334	geckodriver	INFO	Listening on 127.0.0.1:52414
1536366287334	mozrunner::runner	INFO	Running command: "C:\\Program Files (x86)\\Mozilla Firefox\\firefox.exe" "-marionette" "-foreground" "-no-remote" "-profile" "C:\\Users\\Reynald\\AppData\\Local\\Temp\\rust_mozprofile.wYlqs9ZPy9XI"
Unable to read VR Path Registry from C:\Users\Reynald\AppData\Local\openvr\openvrpaths.vrpath
Unable to read VR Path Registry from C:\Users\Reynald\AppData\Local\openvr\openvrpaths.vrpath
Unable to read VR Path Registry from C:\Users\Reynald\AppData\Local\openvr\openvrpaths.vrpath
Unable to read VR Path Registry from C:\Users\Reynald\AppData\Local\openvr\openvrpaths.vrpath
Unable to read VR Path Registry from C:\Users\Reynald\AppData\Local\openvr\openvrpaths.vrpath
1536366291783	Marionette	INFO	Listening on port 52422
1536366292431	Marionette	WARN	TLS certificate errors will be ignored for this session
[Parent 4968, Gecko_IOThread] WARNING: pipe error: 109: file z:/build/build/src/ipc/chromium/src/chrome/common/ipc_channel_win.cc, line 346
[Child 8300, Chrome_ChildThread] WARNING: pipe error: 109: file z:/build/build/src/ipc/chromium/src/chrome/common/ipc_channel_win.cc, line 346
[Child 8300, Chrome_ChildThread] WARNING[Parent 4968, Gecko_IOThread] WARNING: pipe error: 109: file z:/build/build/src/ipc/chromium/src/chrome/common/ipc_channel_win.cc, line 346
[Child 3780, Chrome_ChildThread] WARNING: pipe error: 109: file z:/build/build/src/ipc/chromium/src/chrome/common/ipc_channel_win.cc, line 346
[Child 3780, Chrome_ChildThread] WARNING: pipe error: 109: file z:/build/b[Parent 4968, Gecko_IOThread] WARNING: pipe error: 109: file z:/build/build/src/ipc/chromium/src/chrome/common/ipc_channel_win.cc, line 346
[Child 10556, Chrome_ChildThread] WARNING: pipe error: 109: file z:/build/build/src/ipc/chromium/src/chrome/common/ipc_channel_win.cc, line 346
[Child 10556, Chrome*** UTM:SVC TimerManager:registerTimer called after profile-before-change notification. Ignoring timer registration for id: telemetry_modules_ping
[GPU 6312, Chrome_Chi
###!!! [Child][MessageChannel::SendAndWait] Error: Channel error: cannot send/recv

1536511377448	geckodriver	INFO	geckodriver 0.21.0
1536511377486	geckodriver	INFO	Listening on 127.0.0.1:57669
1536511380435	mozrunner::runner	INFO	Running command: "C:\\Program Files (x86)\\Mozilla Firefox\\firefox.exe" "-marionette" "-foreground" "-no-remote" "-profile" "C:\\Users\\Reynald\\AppData\\Local\\Temp\\rust_mozprofile.xRSSJhtfKQh7"
1536511386453	Marionette	INFO	Listening on port 57678
1536511386710	Marionette	WARN	TLS certificate errors will be ignored for this session
1536511386793	Marionette	DEBUG	[4294967297] Frame script loaded
1536511387018	Marionette	DEBUG	[4294967297] Frame script registered
1536511387186	Marionette	DEBUG	[4294967297] Received DOM event beforeunload for about:blank
1536511389262	Marionette	DEBUG	[4294967297] Received DOM event pagehide for about:blank
1536511389536	Marionette	DEBUG	[4294967297] Received DOM event DOMContentLoaded for https://www.google.com/?gws_rd=ssl
1536511390392	Marionette	DEBUG	[4294967297] Received DOM event pageshow for https://www.google.com/?gws_rd=ssl
1536511393994	Marionette	DEBUG	[4294967297] Received DOM event beforeunload for https://www.google.com/search?source=hp&ei=mk2VW7iYLsvV5gLKyqPAAw&q=VP+Records&btnK=Google+Search&oq=VP+Records&gs_l=psy-ab.3...722.792..828...0.0..0.0.0.......0....1..gws-wiz.
1536511396865	Marionette	DEBUG	[4294967297] Received DOM event pagehide for https://www.google.com/search?source=hp&ei=mk2VW7iYLsvV5gLKyqPAAw&q=VP+Records&btnK=Google+Search&oq=VP+Records&gs_l=psy-ab.3...722.792..828...0.0..0.0.0.......0....1..gws-wiz.
1536511396866	Marionette	DEBUG	[4294967297] Received DOM event unload for https://www.google.com/search?source=hp&ei=mk2VW7iYLsvV5gLKyqPAAw&q=VP+Records&btnK=Google+Search&oq=VP+Records&gs_l=psy-ab.3...722.792..828...0.0..0.0.0.......0....1..gws-wiz.
1536511401872	Marionette	DEBUG	[4294967297] Received observer notification outer-window-destroyed for 4294967302
1536511403135	Marionette	DEBUG	[4294967297] Received DOM event DOMContentLoaded for https://www.vprecords.com/albums/
1536511407181	Marionette	DEBUG	[4294967297] Received observer notification outer-window-destroyed for 4294967310
1536511442846	Marionette	DEBUG	[4294967297] Received DOM event unload for https://www.vprecords.com/albums/
1536511442856	Marionette	DEBUG	[4294967297] Received observer notification outer-window-destroyed for 4294967312
1536511442856	Marionette	DEBUG	[4294967297] Received observer notification outer-window-destroyed for 4294967306
1536511442857	Marionette	DEBUG	[4294967297] Received observer notification outer-window-destroyed for 4294967308
1536511442857	Marionette	DEBUG	[4294967297] Received observer notification outer-window-destroyed for 4294967297
[Parent 2408, Gecko_IOThread] WARNING: pipe error: 109: file z:/build/build/src/ipc/chromium/src/chrome/common/ipc_channel_win.cc, line 346
[Child 13012, Chrome_ChildThread] WARNING: pipe error: 109: file z:/build/build/src/ipc/chromium/src/chrome/common/ipc_channel_win.cc, line 346
[Child 13012, Chrome_ChildThread] WARNING: pipe error: 109: file z:/build/build/src/ipc/chromium/src/chrome/common/ipc_channel_win.cc, line 346
[Parent 2408, Gecko_IOThread] WARNING: pipe error: 109: file z:/build/build/src/ipc/chromium/src/chrome/common/ipc_channel_win.cc, line 346
1536511443798	Marionette	INFO	Stopped listening on port 57678

###!!! [Child][MessageChannel::SendAndWait] Error: Channel error: cannot send/recv

1536511575551	geckodriver	INFO	geckodriver 0.21.0
1536511575571	geckodriver	INFO	Listening on 127.0.0.1:57736
1536511578606	mozrunner::runner	INFO	Running command: "C:\\Program Files (x86)\\Mozilla Firefox\\firefox.exe" "-marionette" "-foreground" "-no-remote" "-profile" "C:\\Users\\Reynald\\AppData\\Local\\Temp\\rust_mozprofile.LXA7pBjs3Ueu"
1536511582936	Marionette	INFO	Listening on port 57744
1536511583143	Marionette	WARN	TLS certificate errors will be ignored for this session
1536511583262	Marionette	DEBUG	[6442450945] Frame script loaded
1536511583277	Marionette	DEBUG	[6442450945] Frame script registered
1536511583307	Marionette	DEBUG	[6442450945] Received DOM event beforeunload for about:blank
1536511584838	Marionette	DEBUG	[6442450945] Received DOM event pagehide for about:blank
1536511585004	Marionette	DEBUG	[6442450945] Received DOM event DOMContentLoaded for https://www.google.com/?gws_rd=ssl
1536511586845	Marionette	DEBUG	[6442450945] Received DOM event pageshow for https://www.google.com/?gws_rd=ssl
1536511590377	Marionette	DEBUG	[6442450945] Received DOM event beforeunload for https://www.google.com/search?source=hp&ei=Xk6VW7XSFpCt_QaapYm4BA&q=VP+Records&btnK=Google+Search&oq=VP+Records&gs_l=psy-ab.3...1611.1689..1723...0.0..0.0.0.......0....1..gws-wiz.
1536511592924	Marionette	DEBUG	[6442450945] Received DOM event pagehide for https://www.google.com/search?source=hp&ei=Xk6VW7XSFpCt_QaapYm4BA&q=VP+Records&btnK=Google+Search&oq=VP+Records&gs_l=psy-ab.3...1611.1689..1723...0.0..0.0.0.......0....1..gws-wiz.
1536511592925	Marionette	DEBUG	[6442450945] Received DOM event unload for https://www.google.com/search?source=hp&ei=Xk6VW7XSFpCt_QaapYm4BA&q=VP+Records&btnK=Google+Search&oq=VP+Records&gs_l=psy-ab.3...1611.1689..1723...0.0..0.0.0.......0....1..gws-wiz.
1536511594813	Marionette	DEBUG	[6442450945] Received observer notification outer-window-destroyed for 6442450950
1536511595633	Marionette	DEBUG	[6442450945] Received DOM event DOMContentLoaded for https://www.vprecords.com/albums/
1536511601692	Marionette	DEBUG	[6442450945] Received observer notification outer-window-destroyed for 6442450958
1536511608688	Marionette	DEBUG	[6442450945] Received DOM event pageshow for https://www.vprecords.com/albums/
1536511611704	Marionette	INFO	Stopped listening on port 57744
[Parent 8000, Gecko_IOThread] WARNING: pipe error: 109: file z:/build/build/src/ipc/chromium/src/chrome/common/ipc_channel_win.cc, line 346
[GPU 11568, Chrome
###!!! [Child][MessageChannel::SendAndWait] Error: Channel error: cannot send/recv

